<?xml version="1.0" encoding="UTF-8" standalone="no"?>
<!DOCTYPE log SYSTEM "logger.dtd">
<log>
<record>
  <date>2005-02-03T21:48:23</date>
  <millis>1107485303997</millis>
  <sequence>0</sequence>
  <logger>jsim.jmodel.NetFrame</logger>
  <level>INFO</level>
  <class>jsim.jmodel.NetFrame</class>
  <method>initToolBar</method>
  <thread>10</thread>
  <message>Icon File Name = /home/silver/JSIM/jsim/jmodel/images/Server.gif</message>
</record>
<record>
  <date>2005-02-03T21:48:24</date>
  <millis>1107485304063</millis>
  <sequence>1</sequence>
  <logger>jsim.jmodel.NetFrame</logger>
  <level>INFO</level>
  <class>jsim.jmodel.NetFrame</class>
  <method>initToolBar</method>
  <thread>10</thread>
  <message>Icon File Name = /home/silver/JSIM/jsim/jmodel/images/Facility.gif</message>
</record>
<record>
  <date>2005-02-03T21:48:24</date>
  <millis>1107485304100</millis>
  <sequence>2</sequence>
  <logger>jsim.jmodel.NetFrame</logger>
  <level>INFO</level>
  <class>jsim.jmodel.NetFrame</class>
  <method>initToolBar</method>
  <thread>10</thread>
  <message>Icon File Name = /home/silver/JSIM/jsim/jmodel/images/Signal.gif</message>
</record>
<record>
  <date>2005-02-03T21:48:24</date>
  <millis>1107485304138</millis>
  <sequence>3</sequence>
  <logger>jsim.jmodel.NetFrame</logger>
  <level>INFO</level>
  <class>jsim.jmodel.NetFrame</class>
  <method>initToolBar</method>
  <thread>10</thread>
  <message>Icon File Name = /home/silver/JSIM/jsim/jmodel/images/Source.gif</message>
</record>
<record>
  <date>2005-02-03T21:48:24</date>
  <millis>1107485304175</millis>
  <sequence>4</sequence>
  <logger>jsim.jmodel.NetFrame</logger>
  <level>INFO</level>
  <class>jsim.jmodel.NetFrame</class>
  <method>initToolBar</method>
  <thread>10</thread>
  <message>Icon File Name = /home/silver/JSIM/jsim/jmodel/images/Sink.gif</message>
</record>
<record>
  <date>2005-02-03T21:48:24</date>
  <millis>1107485304212</millis>
  <sequence>5</sequence>
  <logger>jsim.jmodel.NetFrame</logger>
  <level>INFO</level>
  <class>jsim.jmodel.NetFrame</class>
  <method>initToolBar</method>
  <thread>10</thread>
  <message>Icon File Name = /home/silver/JSIM/jsim/jmodel/images/Transport.gif</message>
</record>
<record>
  <date>2005-02-03T21:48:24</date>
  <millis>1107485304250</millis>
  <sequence>6</sequence>
  <logger>jsim.jmodel.NetFrame</logger>
  <level>INFO</level>
  <class>jsim.jmodel.NetFrame</class>
  <method>initToolBar</method>
  <thread>10</thread>
  <message>Icon File Name = /home/silver/JSIM/jsim/jmodel/images/Split.gif</message>
</record>
<record>
  <date>2005-02-03T21:48:24</date>
  <millis>1107485304288</millis>
  <sequence>7</sequence>
  <logger>jsim.jmodel.NetFrame</logger>
  <level>INFO</level>
  <class>jsim.jmodel.NetFrame</class>
  <method>initToolBar</method>
  <thread>10</thread>
  <message>Icon File Name = /home/silver/JSIM/jsim/jmodel/images/AndJoin.gif</message>
</record>
<record>
  <date>2005-02-03T21:48:24</date>
  <millis>1107485304328</millis>
  <sequence>8</sequence>
  <logger>jsim.jmodel.NetFrame</logger>
  <level>INFO</level>
  <class>jsim.jmodel.NetFrame</class>
  <method>initToolBar</method>
  <thread>10</thread>
  <message>Icon File Name = /home/silver/JSIM/jsim/jmodel/images/Move.gif</message>
</record>
<record>
  <date>2005-02-03T21:48:24</date>
  <millis>1107485304368</millis>
  <sequence>9</sequence>
  <logger>jsim.jmodel.NetFrame</logger>
  <level>INFO</level>
  <class>jsim.jmodel.NetFrame</class>
  <method>initToolBar</method>
  <thread>10</thread>
  <message>Icon File Name = /home/silver/JSIM/jsim/jmodel/images/Delete.gif</message>
</record>
<record>
  <date>2005-02-03T21:48:24</date>
  <millis>1107485304412</millis>
  <sequence>10</sequence>
  <logger>jsim.jmodel.NetFrame</logger>
  <level>INFO</level>
  <class>jsim.jmodel.NetFrame</class>
  <method>initToolBar</method>
  <thread>10</thread>
  <message>Icon File Name = /home/silver/JSIM/jsim/jmodel/images/Update.gif</message>
</record>
<record>
  <date>2005-02-03T21:48:24</date>
  <millis>1107485304456</millis>
  <sequence>11</sequence>
  <logger>jsim.jmodel.NetFrame</logger>
  <level>INFO</level>
  <class>jsim.jmodel.NetFrame</class>
  <method>initToolBar</method>
  <thread>10</thread>
  <message>Icon File Name = /home/silver/JSIM/jsim/jmodel/images/Generate.gif</message>
</record>
<record>
  <date>2005-02-03T21:48:35</date>
  <millis>1107485315963</millis>
  <sequence>12</sequence>
  <logger>jsim.jmodel.NetCanvas</logger>
  <level>INFO</level>
  <class>jsim.jmodel.NetCanvas</class>
  <method>setModelName</method>
  <thread>11</thread>
  <message>set modelName to Phone</message>
</record>
<record>
  <date>2005-02-03T21:48:36</date>
  <millis>1107485316041</millis>
  <sequence>13</sequence>
  <logger>jsim.jmodel.NetCanvas</logger>
  <level>INFO</level>
  <class>jsim.jmodel.NetCanvas</class>
  <method>load</method>
  <thread>11</thread>
  <message>numNodes = 3</message>
</record>
</log>
